Arguments: 
  /home/tchiloross/.nvm/versions/node/v16.14.2/bin/node /home/tchiloross/.nvm/versions/node/v16.14.2/bin/yarn add ;

PATH: 
  /home/tchiloross/Desktop/FRONT-END-MENTOR/meet/node_modules/.bin:/home/tchiloross/Desktop/FRONT-END-MENTOR/node_modules/.bin:/home/tchiloross/Desktop/node_modules/.bin:/home/tchiloross/node_modules/.bin:/home/node_modules/.bin:/node_modules/.bin:/home/tchiloross/.nvm/versions/node/v16.14.2/lib/node_modules/npm/node_modules/@npmcli/run-script/lib/node-gyp-bin:/home/tchiloross/.rbenv/shims:/home/tchiloross/.rbenv/bin:/home/tchiloross/.rbenv/shims:/home/tchiloross/.rbenv/bin:/home/tchiloross/.nvm/versions/node/v16.14.2/bin:/usr/local/sbin:/usr/local/bin:/usr/sbin:/usr/bin:/sbin:/bin:/usr/games:/usr/local/games:/snap/bin

Yarn version: 
  1.22.18

Node version: 
  16.14.2

Platform: 
  linux x64

Trace: 
  Error: https://registry.yarnpkg.com/;: Not found
      at Request.params.callback [as _callback] (/home/tchiloross/.nvm/versions/node/v16.14.2/lib/node_modules/yarn/lib/cli.js:66138:18)
      at Request.self.callback (/home/tchiloross/.nvm/versions/node/v16.14.2/lib/node_modules/yarn/lib/cli.js:140883:22)
      at Request.emit (node:events:526:28)
      at Request.<anonymous> (/home/tchiloross/.nvm/versions/node/v16.14.2/lib/node_modules/yarn/lib/cli.js:141855:10)
      at Request.emit (node:events:526:28)
      at IncomingMessage.<anonymous> (/home/tchiloross/.nvm/versions/node/v16.14.2/lib/node_modules/yarn/lib/cli.js:141777:12)
      at Object.onceWrapper (node:events:645:28)
      at IncomingMessage.emit (node:events:538:35)
      at endReadableNT (node:internal/streams/readable:1345:12)
      at processTicksAndRejections (node:internal/process/task_queues:83:21)

npm manifest: 
  {
    "name": "sass-parcel-template",
    "version": "1.0.0",
    "description": "",
    "main": "index.js",
    "scripts": {
      "dev": "parcel src/index.html",
      "build": "parcel build src/index.html"
    },
    "repository": {
      "type": "git",
      "url": "git+https://github.com/Tchilo/Sass-parcel-template.git"
    },
    "keywords": [],
    "author": "",
    "license": "ISC",
    "bugs": {
      "url": "https://github.com/Tchilo/Sass-parcel-template/issues"
    },
    "homepage": "https://github.com/Tchilo/Sass-parcel-template#readme",
    "dependencies": {
      "sass": "^1.52.1"
    },
    "devDependencies": {
      "parcel-bundler": "^1.12.5"
    }
  }

yarn manifest: 
  No manifest

Lockfile: 
  No lockfile
